Problem no. 1:
Number of groups: 9.
Players per group: 3.
Number of weeks: 11.

Variables: 9423
Clauses: 1599315
Searching for a solution...
A solution was found in 10.141s.
Restarts: 1165, decisions: 728747, propagations: 32187249

+------+---------+---------+---------+----------+----------+----------+----------+----------+----------+
| Week | Group 1 | Group 2 | Group 3 | Group 4  | Group 5  | Group 6  | Group 7  | Group 8  | Group 9  |
+------+---------+---------+---------+----------+----------+----------+----------+----------+----------+
|  1   |  1,2,3  |  4,5,6  |  7,8,9  | 10,11,12 | 13,14,15 | 16,17,18 | 19,20,21 | 22,23,24 | 25,26,27 |
|  2   |  1,4,14 | 2,22,27 |  3,9,10 | 15,18,19 | 6,12,21  | 11,13,16 | 8,23,26  | 7,17,24  | 5,20,25  |
|  3   |  1,8,18 |  2,6,17 | 3,23,25 |  4,9,19  | 11,15,22 | 10,21,27 | 7,12,14  | 5,13,26  | 16,20,24 |
|  4   | 1,15,17 |  2,5,24 |  3,7,13 | 16,21,26 | 6,19,25  | 14,18,27 | 9,11,20  | 4,10,23  | 8,12,22  |
|  5   | 1,12,13 | 2,14,23 | 3,15,21 |  6,9,27  | 10,18,20 | 4,24,26  | 5,11,17  | 8,16,25  | 7,19,22  |
|  6   | 1,10,25 |  2,9,12 |  3,6,20 | 17,22,26 | 11,19,23 |  4,7,18  | 15,16,27 | 13,21,24 |  5,8,14  |
|  7   | 1,20,23 |  2,7,26 |  3,4,27 | 6,18,22  | 10,13,19 | 5,12,15  | 8,17,21  | 11,24,25 | 9,14,16  |
|  8   | 1,21,22 | 2,16,19 | 3,11,14 |  5,7,10  | 6,15,23  |  4,8,20  | 13,17,25 | 12,24,27 | 9,18,26  |
|  9   |  1,5,19 |  2,8,10 | 3,12,17 | 9,15,24  | 4,16,22  | 14,21,25 | 7,20,27  | 6,11,26  | 13,18,23 |
|  10  |  1,6,24 |  2,4,11 |  3,5,16 | 8,19,27  | 7,21,23  | 9,13,22  | 12,18,25 | 14,17,20 | 10,15,26 |
|  11  | 1,11,27 | 2,13,20 |  3,8,24 |  6,7,16  | 9,17,23  | 5,18,21  | 10,14,22 | 12,19,26 | 4,15,25  |
+------+---------+---------+---------+----------+----------+----------+----------+----------+----------+
+-----+---+---+---+---+---+---+---+---+---+----+----+----+----+----+----+----+----+----+----+----+----+----+----+----+----+----+----+
| W\P | 1 | 2 | 3 | 4 | 5 | 6 | 7 | 8 | 9 | 10 | 11 | 12 | 13 | 14 | 15 | 16 | 17 | 18 | 19 | 20 | 21 | 22 | 23 | 24 | 25 | 26 | 27 |
+-----+---+---+---+---+---+---+---+---+---+----+----+----+----+----+----+----+----+----+----+----+----+----+----+----+----+----+----+
|  1  | 1 | 1 | 1 | 2 | 2 | 2 | 3 | 3 | 3 | 4  | 4  | 4  | 5  | 5  | 5  | 6  | 6  | 6  | 7  | 7  | 7  | 8  | 8  | 8  | 9  | 9  | 9  |
|  2  | 1 | 2 | 3 | 1 | 9 | 5 | 8 | 7 | 3 | 3  | 6  | 5  | 6  | 1  | 4  | 6  | 8  | 4  | 4  | 9  | 5  | 2  | 7  | 8  | 9  | 7  | 2  |
|  3  | 1 | 2 | 3 | 4 | 8 | 2 | 7 | 1 | 4 | 6  | 5  | 7  | 8  | 7  | 5  | 9  | 2  | 1  | 4  | 9  | 6  | 5  | 3  | 9  | 3  | 8  | 6  |
|  4  | 1 | 2 | 3 | 8 | 2 | 5 | 3 | 9 | 7 | 8  | 7  | 9  | 3  | 6  | 1  | 4  | 1  | 6  | 5  | 7  | 4  | 9  | 8  | 2  | 5  | 4  | 6  |
|  5  | 1 | 2 | 3 | 6 | 7 | 4 | 9 | 8 | 4 | 5  | 7  | 1  | 1  | 2  | 3  | 8  | 7  | 5  | 9  | 5  | 3  | 9  | 2  | 6  | 8  | 6  | 4  |
|  6  | 1 | 2 | 3 | 6 | 9 | 3 | 6 | 9 | 2 | 1  | 5  | 2  | 8  | 9  | 7  | 7  | 4  | 6  | 5  | 3  | 8  | 4  | 5  | 8  | 1  | 4  | 7  |
|  7  | 1 | 2 | 3 | 3 | 6 | 4 | 2 | 7 | 9 | 5  | 8  | 6  | 5  | 9  | 6  | 9  | 7  | 4  | 5  | 1  | 7  | 4  | 1  | 8  | 8  | 2  | 3  |
|  8  | 1 | 2 | 3 | 6 | 4 | 5 | 4 | 6 | 9 | 4  | 3  | 8  | 7  | 3  | 5  | 2  | 7  | 9  | 2  | 6  | 1  | 1  | 5  | 8  | 7  | 9  | 8  |
|  9  | 1 | 2 | 3 | 5 | 1 | 8 | 7 | 2 | 4 | 2  | 8  | 3  | 9  | 6  | 4  | 5  | 3  | 9  | 1  | 7  | 6  | 5  | 9  | 4  | 6  | 8  | 7  |
|  10 | 1 | 2 | 3 | 2 | 3 | 1 | 5 | 4 | 6 | 9  | 2  | 7  | 6  | 8  | 9  | 3  | 8  | 7  | 4  | 8  | 5  | 6  | 5  | 1  | 7  | 9  | 4  |
|  11 | 1 | 2 | 3 | 9 | 6 | 4 | 4 | 3 | 5 | 7  | 1  | 8  | 2  | 7  | 9  | 4  | 5  | 6  | 8  | 2  | 6  | 7  | 5  | 3  | 9  | 8  | 1  |
+-----+---+---+---+---+---+---+---+---+---+----+----+----+----+----+----+----+----+----+----+----+----+----+----+----+----+----+----+
Checking validation of the solution...
Valid solution.

Result added to Excel file: D:\Kì 2\ES LAB\ES_LAB\out\results_2025-03-26.xlsx

------------------------------------------------------------------------------------------------------------------------
Problem no. 2:
Number of groups: 6.
Players per group: 5.
Number of weeks: 5.

Variables: 4140
Clauses: 170992
Searching for a solution...
A solution was found in 0.484s.
Restarts: 157, decisions: 79381, propagations: 4578590

+------+---------------+---------------+----------------+----------------+----------------+----------------+
| Week |    Group 1    |    Group 2    |    Group 3     |    Group 4     |    Group 5     |    Group 6     |
+------+---------------+---------------+----------------+----------------+----------------+----------------+
|  1   |   1,2,3,4,5   |   6,7,8,9,10  | 11,12,13,14,15 | 16,17,18,19,20 | 21,22,23,24,25 | 26,27,28,29,30 |
|  2   |  1,6,15,18,26 |  2,9,16,25,30 | 3,11,19,22,29  |  4,7,12,21,28  |  5,8,13,17,23  | 10,14,20,24,27 |
|  3   | 1,10,11,17,30 | 2,14,18,22,28 |  3,9,13,20,21  |  4,8,15,25,29  |  5,7,16,24,26  | 6,12,19,23,27  |
|  4   |  1,9,19,24,28 |  2,7,15,20,23 | 3,14,17,25,26  |  4,6,13,22,30  | 5,10,12,18,29  | 8,11,16,21,27  |
|  5   |  1,8,12,20,22 |  2,6,17,24,29 | 3,10,15,16,28  |  4,9,11,23,26  | 5,14,19,21,30  | 7,13,18,25,27  |
+------+---------------+---------------+----------------+----------------+----------------+----------------+
+-----+---+---+---+---+---+---+---+---+---+----+----+----+----+----+----+----+----+----+----+----+----+----+----+----+----+----+----+----+----+----+
| W\P | 1 | 2 | 3 | 4 | 5 | 6 | 7 | 8 | 9 | 10 | 11 | 12 | 13 | 14 | 15 | 16 | 17 | 18 | 19 | 20 | 21 | 22 | 23 | 24 | 25 | 26 | 27 | 28 | 29 | 30 |
+-----+---+---+---+---+---+---+---+---+---+----+----+----+----+----+----+----+----+----+----+----+----+----+----+----+----+----+----+----+----+----+
|  1  | 1 | 1 | 1 | 1 | 1 | 2 | 2 | 2 | 2 | 2  | 3  | 3  | 3  | 3  | 3  | 4  | 4  | 4  | 4  | 4  | 5  | 5  | 5  | 5  | 5  | 6  | 6  | 6  | 6  | 6  |
|  2  | 1 | 2 | 3 | 4 | 5 | 1 | 4 | 5 | 2 | 6  | 3  | 4  | 5  | 6  | 1  | 2  | 5  | 1  | 3  | 6  | 4  | 3  | 5  | 6  | 2  | 1  | 6  | 4  | 3  | 2  |
|  3  | 1 | 2 | 3 | 4 | 5 | 6 | 5 | 4 | 3 | 1  | 1  | 6  | 3  | 2  | 4  | 5  | 1  | 2  | 6  | 3  | 3  | 2  | 6  | 5  | 4  | 5  | 6  | 2  | 4  | 1  |
|  4  | 1 | 2 | 3 | 4 | 5 | 4 | 2 | 6 | 1 | 5  | 6  | 5  | 4  | 3  | 2  | 6  | 3  | 5  | 1  | 2  | 6  | 4  | 2  | 1  | 3  | 3  | 6  | 1  | 5  | 4  |
|  5  | 1 | 2 | 3 | 4 | 5 | 2 | 6 | 1 | 4 | 3  | 4  | 1  | 6  | 5  | 3  | 3  | 2  | 6  | 5  | 1  | 5  | 1  | 4  | 2  | 6  | 4  | 6  | 3  | 2  | 5  |
+-----+---+---+---+---+---+---+---+---+---+----+----+----+----+----+----+----+----+----+----+----+----+----+----+----+----+----+----+----+----+----+
Checking validation of the solution...
Valid solution.

Result added to Excel file: D:\Kì 2\ES LAB\ES_LAB\out\results_2025-03-26.xlsx

------------------------------------------------------------------------------------------------------------------------
Problem no. 3:
Number of groups: 6.
Players per group: 5.
Number of weeks: 6.

Variables: 5130
Clauses: 252890
Searching for a solution...
Problem no. 1:
Number of groups: 9.
Players per group: 3.
Number of weeks: 11.

Variables: 9423
Clauses: 1599315
Searching for a solution...
A solution was found in 8.359s.
Restarts: 1165, decisions: 728747, propagations: 32187249

+------+---------+---------+---------+----------+----------+----------+----------+----------+----------+
| Week | Group 1 | Group 2 | Group 3 | Group 4  | Group 5  | Group 6  | Group 7  | Group 8  | Group 9  |
+------+---------+---------+---------+----------+----------+----------+----------+----------+----------+
|  1   |  1,2,3  |  4,5,6  |  7,8,9  | 10,11,12 | 13,14,15 | 16,17,18 | 19,20,21 | 22,23,24 | 25,26,27 |
|  2   |  1,4,14 | 2,22,27 |  3,9,10 | 15,18,19 | 6,12,21  | 11,13,16 | 8,23,26  | 7,17,24  | 5,20,25  |
|  3   |  1,8,18 |  2,6,17 | 3,23,25 |  4,9,19  | 11,15,22 | 10,21,27 | 7,12,14  | 5,13,26  | 16,20,24 |
|  4   | 1,15,17 |  2,5,24 |  3,7,13 | 16,21,26 | 6,19,25  | 14,18,27 | 9,11,20  | 4,10,23  | 8,12,22  |
|  5   | 1,12,13 | 2,14,23 | 3,15,21 |  6,9,27  | 10,18,20 | 4,24,26  | 5,11,17  | 8,16,25  | 7,19,22  |
|  6   | 1,10,25 |  2,9,12 |  3,6,20 | 17,22,26 | 11,19,23 |  4,7,18  | 15,16,27 | 13,21,24 |  5,8,14  |
|  7   | 1,20,23 |  2,7,26 |  3,4,27 | 6,18,22  | 10,13,19 | 5,12,15  | 8,17,21  | 11,24,25 | 9,14,16  |
|  8   | 1,21,22 | 2,16,19 | 3,11,14 |  5,7,10  | 6,15,23  |  4,8,20  | 13,17,25 | 12,24,27 | 9,18,26  |
|  9   |  1,5,19 |  2,8,10 | 3,12,17 | 9,15,24  | 4,16,22  | 14,21,25 | 7,20,27  | 6,11,26  | 13,18,23 |
|  10  |  1,6,24 |  2,4,11 |  3,5,16 | 8,19,27  | 7,21,23  | 9,13,22  | 12,18,25 | 14,17,20 | 10,15,26 |
|  11  | 1,11,27 | 2,13,20 |  3,8,24 |  6,7,16  | 9,17,23  | 5,18,21  | 10,14,22 | 12,19,26 | 4,15,25  |
+------+---------+---------+---------+----------+----------+----------+----------+----------+----------+
+-----+---+---+---+---+---+---+---+---+---+----+----+----+----+----+----+----+----+----+----+----+----+----+----+----+----+----+----+
| W\P | 1 | 2 | 3 | 4 | 5 | 6 | 7 | 8 | 9 | 10 | 11 | 12 | 13 | 14 | 15 | 16 | 17 | 18 | 19 | 20 | 21 | 22 | 23 | 24 | 25 | 26 | 27 |
+-----+---+---+---+---+---+---+---+---+---+----+----+----+----+----+----+----+----+----+----+----+----+----+----+----+----+----+----+
|  1  | 1 | 1 | 1 | 2 | 2 | 2 | 3 | 3 | 3 | 4  | 4  | 4  | 5  | 5  | 5  | 6  | 6  | 6  | 7  | 7  | 7  | 8  | 8  | 8  | 9  | 9  | 9  |
|  2  | 1 | 2 | 3 | 1 | 9 | 5 | 8 | 7 | 3 | 3  | 6  | 5  | 6  | 1  | 4  | 6  | 8  | 4  | 4  | 9  | 5  | 2  | 7  | 8  | 9  | 7  | 2  |
|  3  | 1 | 2 | 3 | 4 | 8 | 2 | 7 | 1 | 4 | 6  | 5  | 7  | 8  | 7  | 5  | 9  | 2  | 1  | 4  | 9  | 6  | 5  | 3  | 9  | 3  | 8  | 6  |
|  4  | 1 | 2 | 3 | 8 | 2 | 5 | 3 | 9 | 7 | 8  | 7  | 9  | 3  | 6  | 1  | 4  | 1  | 6  | 5  | 7  | 4  | 9  | 8  | 2  | 5  | 4  | 6  |
|  5  | 1 | 2 | 3 | 6 | 7 | 4 | 9 | 8 | 4 | 5  | 7  | 1  | 1  | 2  | 3  | 8  | 7  | 5  | 9  | 5  | 3  | 9  | 2  | 6  | 8  | 6  | 4  |
|  6  | 1 | 2 | 3 | 6 | 9 | 3 | 6 | 9 | 2 | 1  | 5  | 2  | 8  | 9  | 7  | 7  | 4  | 6  | 5  | 3  | 8  | 4  | 5  | 8  | 1  | 4  | 7  |
|  7  | 1 | 2 | 3 | 3 | 6 | 4 | 2 | 7 | 9 | 5  | 8  | 6  | 5  | 9  | 6  | 9  | 7  | 4  | 5  | 1  | 7  | 4  | 1  | 8  | 8  | 2  | 3  |
|  8  | 1 | 2 | 3 | 6 | 4 | 5 | 4 | 6 | 9 | 4  | 3  | 8  | 7  | 3  | 5  | 2  | 7  | 9  | 2  | 6  | 1  | 1  | 5  | 8  | 7  | 9  | 8  |
|  9  | 1 | 2 | 3 | 5 | 1 | 8 | 7 | 2 | 4 | 2  | 8  | 3  | 9  | 6  | 4  | 5  | 3  | 9  | 1  | 7  | 6  | 5  | 9  | 4  | 6  | 8  | 7  |
|  10 | 1 | 2 | 3 | 2 | 3 | 1 | 5 | 4 | 6 | 9  | 2  | 7  | 6  | 8  | 9  | 3  | 8  | 7  | 4  | 8  | 5  | 6  | 5  | 1  | 7  | 9  | 4  |
|  11 | 1 | 2 | 3 | 9 | 6 | 4 | 4 | 3 | 5 | 7  | 1  | 8  | 2  | 7  | 9  | 4  | 5  | 6  | 8  | 2  | 6  | 7  | 5  | 3  | 9  | 8  | 1  |
+-----+---+---+---+---+---+---+---+---+---+----+----+----+----+----+----+----+----+----+----+----+----+----+----+----+----+----+----+
Checking validation of the solution...
Valid solution.

Result added to Excel file: d:\Kì 2\ES LAB\ES_LAB\out\results_2025-03-26.xlsx

------------------------------------------------------------------------------------------------------------------------
Problem no. 2:
Number of groups: 6.
Players per group: 5.
Number of weeks: 5.

Variables: 4140
Clauses: 170992
Searching for a solution...
A solution was found in 0.422s.
Restarts: 157, decisions: 79381, propagations: 4578590

+------+---------------+---------------+----------------+----------------+----------------+----------------+
| Week |    Group 1    |    Group 2    |    Group 3     |    Group 4     |    Group 5     |    Group 6     |
+------+---------------+---------------+----------------+----------------+----------------+----------------+
|  1   |   1,2,3,4,5   |   6,7,8,9,10  | 11,12,13,14,15 | 16,17,18,19,20 | 21,22,23,24,25 | 26,27,28,29,30 |
|  2   |  1,6,15,18,26 |  2,9,16,25,30 | 3,11,19,22,29  |  4,7,12,21,28  |  5,8,13,17,23  | 10,14,20,24,27 |
|  3   | 1,10,11,17,30 | 2,14,18,22,28 |  3,9,13,20,21  |  4,8,15,25,29  |  5,7,16,24,26  | 6,12,19,23,27  |
|  4   |  1,9,19,24,28 |  2,7,15,20,23 | 3,14,17,25,26  |  4,6,13,22,30  | 5,10,12,18,29  | 8,11,16,21,27  |
|  5   |  1,8,12,20,22 |  2,6,17,24,29 | 3,10,15,16,28  |  4,9,11,23,26  | 5,14,19,21,30  | 7,13,18,25,27  |
+------+---------------+---------------+----------------+----------------+----------------+----------------+
+-----+---+---+---+---+---+---+---+---+---+----+----+----+----+----+----+----+----+----+----+----+----+----+----+----+----+----+----+----+----+----+
| W\P | 1 | 2 | 3 | 4 | 5 | 6 | 7 | 8 | 9 | 10 | 11 | 12 | 13 | 14 | 15 | 16 | 17 | 18 | 19 | 20 | 21 | 22 | 23 | 24 | 25 | 26 | 27 | 28 | 29 | 30 |
+-----+---+---+---+---+---+---+---+---+---+----+----+----+----+----+----+----+----+----+----+----+----+----+----+----+----+----+----+----+----+----+
|  1  | 1 | 1 | 1 | 1 | 1 | 2 | 2 | 2 | 2 | 2  | 3  | 3  | 3  | 3  | 3  | 4  | 4  | 4  | 4  | 4  | 5  | 5  | 5  | 5  | 5  | 6  | 6  | 6  | 6  | 6  |
|  2  | 1 | 2 | 3 | 4 | 5 | 1 | 4 | 5 | 2 | 6  | 3  | 4  | 5  | 6  | 1  | 2  | 5  | 1  | 3  | 6  | 4  | 3  | 5  | 6  | 2  | 1  | 6  | 4  | 3  | 2  |
|  3  | 1 | 2 | 3 | 4 | 5 | 6 | 5 | 4 | 3 | 1  | 1  | 6  | 3  | 2  | 4  | 5  | 1  | 2  | 6  | 3  | 3  | 2  | 6  | 5  | 4  | 5  | 6  | 2  | 4  | 1  |
|  4  | 1 | 2 | 3 | 4 | 5 | 4 | 2 | 6 | 1 | 5  | 6  | 5  | 4  | 3  | 2  | 6  | 3  | 5  | 1  | 2  | 6  | 4  | 2  | 1  | 3  | 3  | 6  | 1  | 5  | 4  |
|  5  | 1 | 2 | 3 | 4 | 5 | 2 | 6 | 1 | 4 | 3  | 4  | 1  | 6  | 5  | 3  | 3  | 2  | 6  | 5  | 1  | 5  | 1  | 4  | 2  | 6  | 4  | 6  | 3  | 2  | 5  |
+-----+---+---+---+---+---+---+---+---+---+----+----+----+----+----+----+----+----+----+----+----+----+----+----+----+----+----+----+----+----+----+
Checking validation of the solution...
Valid solution.

Result added to Excel file: d:\Kì 2\ES LAB\ES_LAB\out\results_2025-03-26.xlsx

------------------------------------------------------------------------------------------------------------------------
Problem no. 3:
Number of groups: 6.
Players per group: 5.
Number of weeks: 6.

Variables: 5130
Clauses: 252890
Searching for a solution...
Problem no. 1:
Number of groups: 9.
Players per group: 3.
Number of weeks: 11.

Variables: 9423
Clauses: 1599315
Searching for a solution...
A solution was found in 6.734s.
Restarts: 1165, decisions: 728747, propagations: 32187249

+------+---------+---------+---------+----------+----------+----------+----------+----------+----------+
| Week | Group 1 | Group 2 | Group 3 | Group 4  | Group 5  | Group 6  | Group 7  | Group 8  | Group 9  |
+------+---------+---------+---------+----------+----------+----------+----------+----------+----------+
|  1   |  1,2,3  |  4,5,6  |  7,8,9  | 10,11,12 | 13,14,15 | 16,17,18 | 19,20,21 | 22,23,24 | 25,26,27 |
|  2   |  1,4,14 | 2,22,27 |  3,9,10 | 15,18,19 | 6,12,21  | 11,13,16 | 8,23,26  | 7,17,24  | 5,20,25  |
|  3   |  1,8,18 |  2,6,17 | 3,23,25 |  4,9,19  | 11,15,22 | 10,21,27 | 7,12,14  | 5,13,26  | 16,20,24 |
|  4   | 1,15,17 |  2,5,24 |  3,7,13 | 16,21,26 | 6,19,25  | 14,18,27 | 9,11,20  | 4,10,23  | 8,12,22  |
|  5   | 1,12,13 | 2,14,23 | 3,15,21 |  6,9,27  | 10,18,20 | 4,24,26  | 5,11,17  | 8,16,25  | 7,19,22  |
|  6   | 1,10,25 |  2,9,12 |  3,6,20 | 17,22,26 | 11,19,23 |  4,7,18  | 15,16,27 | 13,21,24 |  5,8,14  |
|  7   | 1,20,23 |  2,7,26 |  3,4,27 | 6,18,22  | 10,13,19 | 5,12,15  | 8,17,21  | 11,24,25 | 9,14,16  |
|  8   | 1,21,22 | 2,16,19 | 3,11,14 |  5,7,10  | 6,15,23  |  4,8,20  | 13,17,25 | 12,24,27 | 9,18,26  |
|  9   |  1,5,19 |  2,8,10 | 3,12,17 | 9,15,24  | 4,16,22  | 14,21,25 | 7,20,27  | 6,11,26  | 13,18,23 |
|  10  |  1,6,24 |  2,4,11 |  3,5,16 | 8,19,27  | 7,21,23  | 9,13,22  | 12,18,25 | 14,17,20 | 10,15,26 |
|  11  | 1,11,27 | 2,13,20 |  3,8,24 |  6,7,16  | 9,17,23  | 5,18,21  | 10,14,22 | 12,19,26 | 4,15,25  |
+------+---------+---------+---------+----------+----------+----------+----------+----------+----------+
+-----+---+---+---+---+---+---+---+---+---+----+----+----+----+----+----+----+----+----+----+----+----+----+----+----+----+----+----+
| W\P | 1 | 2 | 3 | 4 | 5 | 6 | 7 | 8 | 9 | 10 | 11 | 12 | 13 | 14 | 15 | 16 | 17 | 18 | 19 | 20 | 21 | 22 | 23 | 24 | 25 | 26 | 27 |
+-----+---+---+---+---+---+---+---+---+---+----+----+----+----+----+----+----+----+----+----+----+----+----+----+----+----+----+----+
|  1  | 1 | 1 | 1 | 2 | 2 | 2 | 3 | 3 | 3 | 4  | 4  | 4  | 5  | 5  | 5  | 6  | 6  | 6  | 7  | 7  | 7  | 8  | 8  | 8  | 9  | 9  | 9  |
|  2  | 1 | 2 | 3 | 1 | 9 | 5 | 8 | 7 | 3 | 3  | 6  | 5  | 6  | 1  | 4  | 6  | 8  | 4  | 4  | 9  | 5  | 2  | 7  | 8  | 9  | 7  | 2  |
|  3  | 1 | 2 | 3 | 4 | 8 | 2 | 7 | 1 | 4 | 6  | 5  | 7  | 8  | 7  | 5  | 9  | 2  | 1  | 4  | 9  | 6  | 5  | 3  | 9  | 3  | 8  | 6  |
|  4  | 1 | 2 | 3 | 8 | 2 | 5 | 3 | 9 | 7 | 8  | 7  | 9  | 3  | 6  | 1  | 4  | 1  | 6  | 5  | 7  | 4  | 9  | 8  | 2  | 5  | 4  | 6  |
|  5  | 1 | 2 | 3 | 6 | 7 | 4 | 9 | 8 | 4 | 5  | 7  | 1  | 1  | 2  | 3  | 8  | 7  | 5  | 9  | 5  | 3  | 9  | 2  | 6  | 8  | 6  | 4  |
|  6  | 1 | 2 | 3 | 6 | 9 | 3 | 6 | 9 | 2 | 1  | 5  | 2  | 8  | 9  | 7  | 7  | 4  | 6  | 5  | 3  | 8  | 4  | 5  | 8  | 1  | 4  | 7  |
|  7  | 1 | 2 | 3 | 3 | 6 | 4 | 2 | 7 | 9 | 5  | 8  | 6  | 5  | 9  | 6  | 9  | 7  | 4  | 5  | 1  | 7  | 4  | 1  | 8  | 8  | 2  | 3  |
|  8  | 1 | 2 | 3 | 6 | 4 | 5 | 4 | 6 | 9 | 4  | 3  | 8  | 7  | 3  | 5  | 2  | 7  | 9  | 2  | 6  | 1  | 1  | 5  | 8  | 7  | 9  | 8  |
|  9  | 1 | 2 | 3 | 5 | 1 | 8 | 7 | 2 | 4 | 2  | 8  | 3  | 9  | 6  | 4  | 5  | 3  | 9  | 1  | 7  | 6  | 5  | 9  | 4  | 6  | 8  | 7  |
|  10 | 1 | 2 | 3 | 2 | 3 | 1 | 5 | 4 | 6 | 9  | 2  | 7  | 6  | 8  | 9  | 3  | 8  | 7  | 4  | 8  | 5  | 6  | 5  | 1  | 7  | 9  | 4  |
|  11 | 1 | 2 | 3 | 9 | 6 | 4 | 4 | 3 | 5 | 7  | 1  | 8  | 2  | 7  | 9  | 4  | 5  | 6  | 8  | 2  | 6  | 7  | 5  | 3  | 9  | 8  | 1  |
+-----+---+---+---+---+---+---+---+---+---+----+----+----+----+----+----+----+----+----+----+----+----+----+----+----+----+----+----+
Checking validation of the solution...
Valid solution.

Result added to Excel file: d:\Kì 2\ES LAB\ES_LAB\out\results_2025-03-26.xlsx

------------------------------------------------------------------------------------------------------------------------
Problem no. 2:
Number of groups: 6.
Players per group: 5.
Number of weeks: 5.

Variables: 4140
Clauses: 170992
Searching for a solution...
A solution was found in 0.375s.
Restarts: 157, decisions: 79381, propagations: 4578590

+------+---------------+---------------+----------------+----------------+----------------+----------------+
| Week |    Group 1    |    Group 2    |    Group 3     |    Group 4     |    Group 5     |    Group 6     |
+------+---------------+---------------+----------------+----------------+----------------+----------------+
|  1   |   1,2,3,4,5   |   6,7,8,9,10  | 11,12,13,14,15 | 16,17,18,19,20 | 21,22,23,24,25 | 26,27,28,29,30 |
|  2   |  1,6,15,18,26 |  2,9,16,25,30 | 3,11,19,22,29  |  4,7,12,21,28  |  5,8,13,17,23  | 10,14,20,24,27 |
|  3   | 1,10,11,17,30 | 2,14,18,22,28 |  3,9,13,20,21  |  4,8,15,25,29  |  5,7,16,24,26  | 6,12,19,23,27  |
|  4   |  1,9,19,24,28 |  2,7,15,20,23 | 3,14,17,25,26  |  4,6,13,22,30  | 5,10,12,18,29  | 8,11,16,21,27  |
|  5   |  1,8,12,20,22 |  2,6,17,24,29 | 3,10,15,16,28  |  4,9,11,23,26  | 5,14,19,21,30  | 7,13,18,25,27  |
+------+---------------+---------------+----------------+----------------+----------------+----------------+
+-----+---+---+---+---+---+---+---+---+---+----+----+----+----+----+----+----+----+----+----+----+----+----+----+----+----+----+----+----+----+----+
| W\P | 1 | 2 | 3 | 4 | 5 | 6 | 7 | 8 | 9 | 10 | 11 | 12 | 13 | 14 | 15 | 16 | 17 | 18 | 19 | 20 | 21 | 22 | 23 | 24 | 25 | 26 | 27 | 28 | 29 | 30 |
+-----+---+---+---+---+---+---+---+---+---+----+----+----+----+----+----+----+----+----+----+----+----+----+----+----+----+----+----+----+----+----+
|  1  | 1 | 1 | 1 | 1 | 1 | 2 | 2 | 2 | 2 | 2  | 3  | 3  | 3  | 3  | 3  | 4  | 4  | 4  | 4  | 4  | 5  | 5  | 5  | 5  | 5  | 6  | 6  | 6  | 6  | 6  |
|  2  | 1 | 2 | 3 | 4 | 5 | 1 | 4 | 5 | 2 | 6  | 3  | 4  | 5  | 6  | 1  | 2  | 5  | 1  | 3  | 6  | 4  | 3  | 5  | 6  | 2  | 1  | 6  | 4  | 3  | 2  |
|  3  | 1 | 2 | 3 | 4 | 5 | 6 | 5 | 4 | 3 | 1  | 1  | 6  | 3  | 2  | 4  | 5  | 1  | 2  | 6  | 3  | 3  | 2  | 6  | 5  | 4  | 5  | 6  | 2  | 4  | 1  |
|  4  | 1 | 2 | 3 | 4 | 5 | 4 | 2 | 6 | 1 | 5  | 6  | 5  | 4  | 3  | 2  | 6  | 3  | 5  | 1  | 2  | 6  | 4  | 2  | 1  | 3  | 3  | 6  | 1  | 5  | 4  |
|  5  | 1 | 2 | 3 | 4 | 5 | 2 | 6 | 1 | 4 | 3  | 4  | 1  | 6  | 5  | 3  | 3  | 2  | 6  | 5  | 1  | 5  | 1  | 4  | 2  | 6  | 4  | 6  | 3  | 2  | 5  |
+-----+---+---+---+---+---+---+---+---+---+----+----+----+----+----+----+----+----+----+----+----+----+----+----+----+----+----+----+----+----+----+
Checking validation of the solution...
Valid solution.

Result added to Excel file: d:\Kì 2\ES LAB\ES_LAB\out\results_2025-03-26.xlsx

------------------------------------------------------------------------------------------------------------------------
